<?xml version="1.0" encoding="UTF-8"?>
<testsuite xmlns:xsi="http://www.w3.org/2001/XMLSchema-instance" xsi:noNamespaceSchemaLocation="https://maven.apache.org/surefire/maven-surefire-plugin/xsd/surefire-test-report-3.0.xsd" version="3.0" name="unrn.model.PeliculaTest" time="0.005" tests="4" errors="0" skipped="0" failures="0">
  <properties>
[...]
</properties>
  <testcase name="constructor_tituloVacio_lanzaExcepcion" classname="unrn.model.PeliculaTest" time="0.0"/>
  <testcase name="detalleCompleto_devuelveDatosEsperados" classname="unrn.model.PeliculaTest" time="0.001"/>
  <testcase name="constructor_precioNegativo_lanzaExcepcion" classname="unrn.model.PeliculaTest" time="0.0"/>
  <testcase name="constructor_condicionInvalida_lanzaExcepcion" classname="unrn.model.PeliculaTest" time="0.001"/>
</testsuite>