<?xml version="1.0" encoding="UTF-8"?>
<testsuite xmlns:xsi="http://www.w3.org/2001/XMLSchema-instance" xsi:noNamespaceSchemaLocation="https://maven.apache.org/surefire/maven-surefire-plugin/xsd/surefire-test-report-3.0.xsd" version="3.0" name="unrn.infra.persistence.PeliculaRepositoryIntegrationTest" time="3.01" tests="1" errors="0" skipped="0" failures="0">
  <properties>
[...]
</properties>
  <testcase name="guardar_recuperar_pelicula" classname="unrn.infra.persistence.PeliculaRepositoryIntegrationTest" time="0.471">
    <system-out><![CDATA[
  .   ____          _            __ _ _
 /\\ / ___'_ __ _ _(_)_ __  __ _ \ \ \ \
( ( )\___ | '_ | '_| | '_ \/ _` | \ \ \ \
 \\/  ___)| |_)| | | | | || (_| |  ) ) ) )
  '  |____| .__|_| |_|_| |_\__, | / / / /
 =========|_|==============|___/=/_/_/_/
 :: Spring Boot ::                (v3.2.4)

2025-09-18T20:23:28.318-03:00  INFO 292428 --- [           main] u.i.p.PeliculaRepositoryIntegrationTest  : Starting PeliculaRepositoryIntegrationTest using Java 21.0.2 with PID 292428 (started by pelud in C:\Users\pelud\OneDrive\Documentos\UNRN\Taller de Tecnologías y Producción de Software\el-almacen-de-peliculas-online\el-almacen-de-peliculas-online)
2025-09-18T20:23:28.319-03:00  INFO 292428 --- [           main] u.i.p.PeliculaRepositoryIntegrationTest  : No active profile set, falling back to 1 default profile: "default"
2025-09-18T20:23:28.601-03:00  INFO 292428 --- [           main] .s.d.r.c.RepositoryConfigurationDelegate : Bootstrapping Spring Data JPA repositories in DEFAULT mode.
2025-09-18T20:23:28.616-03:00  INFO 292428 --- [           main] .s.d.r.c.RepositoryConfigurationDelegate : Finished Spring Data repository scanning in 8 ms. Found 0 JPA repository interfaces.
2025-09-18T20:23:28.935-03:00  INFO 292428 --- [           main] o.hibernate.jpa.internal.util.LogHelper  : HHH000204: Processing PersistenceUnitInfo [name: default]
2025-09-18T20:23:28.990-03:00  INFO 292428 --- [           main] org.hibernate.Version                    : HHH000412: Hibernate ORM core version 6.4.4.Final
2025-09-18T20:23:29.025-03:00  INFO 292428 --- [           main] o.h.c.internal.RegionFactoryInitiator    : HHH000026: Second-level cache disabled
2025-09-18T20:23:29.226-03:00  INFO 292428 --- [           main] o.s.o.j.p.SpringPersistenceUnitInfo      : No LoadTimeWeaver setup: ignoring JPA class transformer
2025-09-18T20:23:29.254-03:00  INFO 292428 --- [           main] com.zaxxer.hikari.HikariDataSource       : HikariPool-1 - Starting...
2025-09-18T20:23:29.396-03:00  INFO 292428 --- [           main] com.zaxxer.hikari.pool.HikariPool        : HikariPool-1 - Added connection conn0: url=jdbc:h2:mem:peliculas user=SA
2025-09-18T20:23:29.397-03:00  INFO 292428 --- [           main] com.zaxxer.hikari.HikariDataSource       : HikariPool-1 - Start completed.
2025-09-18T20:23:29.416-03:00  WARN 292428 --- [           main] org.hibernate.orm.deprecation            : HHH90000025: H2Dialect does not need to be specified explicitly using 'hibernate.dialect' (remove the property setting and it will be selected by default)
2025-09-18T20:23:30.013-03:00  INFO 292428 --- [           main] o.h.e.t.j.p.i.JtaPlatformInitiator       : HHH000489: No JTA platform available (set 'hibernate.transaction.jta.platform' to enable JTA platform integration)
Hibernate: 
    drop table if exists actor cascade 
Hibernate: 
    drop table if exists director cascade 
Hibernate: 
    drop table if exists pelicula cascade 
Hibernate: 
    drop table if exists pelicula_actor cascade 
Hibernate: 
    drop table if exists pelicula_director cascade 
Hibernate: 
    create table actor (
        id bigint generated by default as identity,
        nombre varchar(255) not null unique,
        primary key (id)
    )
Hibernate: 
    create table director (
        id bigint generated by default as identity,
        nombre varchar(255) not null unique,
        primary key (id)
    )
Hibernate: 
    create table pelicula (
        fecha_salida date not null,
        precio numeric(12,2) not null,
        id bigint generated by default as identity,
        condicion varchar(20) not null,
        formato varchar(50) not null,
        genero varchar(50) not null,
        imagen_url varchar(500),
        titulo varchar(255) not null,
        sinopsis clob,
        primary key (id)
    )
Hibernate: 
    create table pelicula_actor (
        actor_id bigint not null,
        pelicula_id bigint not null
    )
Hibernate: 
    create table pelicula_director (
        director_id bigint not null,
        pelicula_id bigint not null
    )
Hibernate: 
    alter table if exists pelicula_actor 
       add constraint FK18aeeaus5rjw4ib6uauxe3gdr 
       foreign key (actor_id) 
       references actor
Hibernate: 
    alter table if exists pelicula_actor 
       add constraint FKg12qqv73p75bk6dvayct1i1mt 
       foreign key (pelicula_id) 
       references pelicula
Hibernate: 
    alter table if exists pelicula_director 
       add constraint FKhblnnmx9p9kxi9x8yinlmyxq5 
       foreign key (director_id) 
       references director
Hibernate: 
    alter table if exists pelicula_director 
       add constraint FK92tgmlk384yln3el61iwtfhvp 
       foreign key (pelicula_id) 
       references pelicula
2025-09-18T20:23:30.276-03:00  INFO 292428 --- [           main] j.LocalContainerEntityManagerFactoryBean : Initialized JPA EntityManagerFactory for persistence unit 'default'
2025-09-18T20:23:30.388-03:00  INFO 292428 --- [           main] u.i.p.PeliculaRepositoryIntegrationTest  : Started PeliculaRepositoryIntegrationTest in 2.262 seconds (process running for 2.905)
Hibernate: 
    select
        de1_0.id,
        de1_0.nombre 
    from
        director de1_0 
    where
        de1_0.nombre=?
Hibernate: 
    select
        ae1_0.id,
        ae1_0.nombre 
    from
        actor ae1_0 
    where
        ae1_0.nombre=?
Hibernate: 
    insert 
    into
        pelicula
        (condicion, fecha_salida, formato, genero, imagen_url, precio, sinopsis, titulo, id) 
    values
        (?, ?, ?, ?, ?, ?, ?, ?, default)
Hibernate: 
    insert 
    into
        actor
        (nombre, id) 
    values
        (?, default)
Hibernate: 
    insert 
    into
        director
        (nombre, id) 
    values
        (?, default)
Hibernate: 
    insert 
    into
        pelicula_actor
        (pelicula_id, actor_id) 
    values
        (?, ?)
Hibernate: 
    insert 
    into
        pelicula_director
        (pelicula_id, director_id) 
    values
        (?, ?)
Hibernate: 
    select
        pe1_0.id,
        pe1_0.condicion,
        pe1_0.fecha_salida,
        pe1_0.formato,
        pe1_0.genero,
        pe1_0.imagen_url,
        pe1_0.precio,
        pe1_0.sinopsis,
        pe1_0.titulo 
    from
        pelicula pe1_0 
    where
        pe1_0.id=?
Hibernate: 
    select
        d1_0.pelicula_id,
        d1_1.id,
        d1_1.nombre 
    from
        pelicula_director d1_0 
    join
        director d1_1 
            on d1_1.id=d1_0.director_id 
    where
        d1_0.pelicula_id=?
Hibernate: 
    select
        a1_0.pelicula_id,
        a1_1.id,
        a1_1.nombre 
    from
        pelicula_actor a1_0 
    join
        actor a1_1 
            on a1_1.id=a1_0.actor_id 
    where
        a1_0.pelicula_id=?
]]></system-out>
    <system-err><![CDATA[WARNING: A Java agent has been loaded dynamically (C:\Users\pelud\.m2\repository\net\bytebuddy\byte-buddy-agent\1.14.12\byte-buddy-agent-1.14.12.jar)
WARNING: If a serviceability tool is in use, please run with -XX:+EnableDynamicAgentLoading to hide this warning
WARNING: If a serviceability tool is not in use, please run with -Djdk.instrument.traceUsage for more information
WARNING: Dynamic loading of agents will be disallowed by default in a future release
]]></system-err>
  </testcase>
</testsuite>