<?xml version="1.0" encoding="UTF-8"?>
<testsuite xmlns:xsi="http://www.w3.org/2001/XMLSchema-instance" xsi:noNamespaceSchemaLocation="https://maven.apache.org/surefire/maven-surefire-plugin/xsd/surefire-test-report-3.0.xsd" version="3.0" name="unrn.infra.persistence.PeliculaRepositoryIntegrationTest" time="7.792" tests="1" errors="0" skipped="0" failures="0">
  <properties>
[...]
</properties>
  <testcase name="guardar_recuperar_pelicula" classname="unrn.infra.persistence.PeliculaRepositoryIntegrationTest" time="1.006">
    <system-out><![CDATA[
  .   ____          _            __ _ _
 /\\ / ___'_ __ _ _(_)_ __  __ _ \ \ \ \
( ( )\___ | '_ | '_| | '_ \/ _` | \ \ \ \
 \\/  ___)| |_)| | | | | || (_| |  ) ) ) )
  '  |____| .__|_| |_|_| |_\__, | / / / /
 =========|_|==============|___/=/_/_/_/
 :: Spring Boot ::                (v3.2.4)

2025-10-23T19:33:35.807-03:00  INFO 100682 --- [           main] u.i.p.PeliculaRepositoryIntegrationTest  : Starting PeliculaRepositoryIntegrationTest using Java 21.0.9-ea with PID 100682 (started by agustin in /home/agustin/workspace/el-almacen-de-peliculas-online-peliculas/el-almacen-de-peliculas-online)
2025-10-23T19:33:35.811-03:00  INFO 100682 --- [           main] u.i.p.PeliculaRepositoryIntegrationTest  : No active profile set, falling back to 1 default profile: "default"
2025-10-23T19:33:36.854-03:00  INFO 100682 --- [           main] .s.d.r.c.RepositoryConfigurationDelegate : Bootstrapping Spring Data JPA repositories in DEFAULT mode.
2025-10-23T19:33:36.887-03:00  INFO 100682 --- [           main] .s.d.r.c.RepositoryConfigurationDelegate : Finished Spring Data repository scanning in 21 ms. Found 0 JPA repository interfaces.
2025-10-23T19:33:37.588-03:00  INFO 100682 --- [           main] o.hibernate.jpa.internal.util.LogHelper  : HHH000204: Processing PersistenceUnitInfo [name: default]
2025-10-23T19:33:37.663-03:00  INFO 100682 --- [           main] org.hibernate.Version                    : HHH000412: Hibernate ORM core version 6.4.4.Final
2025-10-23T19:33:37.702-03:00  INFO 100682 --- [           main] o.h.c.internal.RegionFactoryInitiator    : HHH000026: Second-level cache disabled
2025-10-23T19:33:37.969-03:00  INFO 100682 --- [           main] o.s.o.j.p.SpringPersistenceUnitInfo      : No LoadTimeWeaver setup: ignoring JPA class transformer
2025-10-23T19:33:38.011-03:00  INFO 100682 --- [           main] com.zaxxer.hikari.HikariDataSource       : HikariPool-1 - Starting...
2025-10-23T19:33:38.209-03:00  INFO 100682 --- [           main] com.zaxxer.hikari.pool.HikariPool        : HikariPool-1 - Added connection conn0: url=jdbc:h2:mem:peliculas user=SA
2025-10-23T19:33:38.211-03:00  INFO 100682 --- [           main] com.zaxxer.hikari.HikariDataSource       : HikariPool-1 - Start completed.
2025-10-23T19:33:38.244-03:00  WARN 100682 --- [           main] org.hibernate.orm.deprecation            : HHH90000025: H2Dialect does not need to be specified explicitly using 'hibernate.dialect' (remove the property setting and it will be selected by default)
2025-10-23T19:33:39.573-03:00  INFO 100682 --- [           main] o.h.e.t.j.p.i.JtaPlatformInitiator       : HHH000489: No JTA platform available (set 'hibernate.transaction.jta.platform' to enable JTA platform integration)
Hibernate: 
    drop table if exists actor cascade 
Hibernate: 
    drop table if exists condicion cascade 
Hibernate: 
    drop table if exists director cascade 
Hibernate: 
    drop table if exists formato cascade 
Hibernate: 
    drop table if exists genero cascade 
Hibernate: 
    drop table if exists pelicula cascade 
Hibernate: 
    drop table if exists pelicula_actor cascade 
Hibernate: 
    drop table if exists pelicula_director cascade 
Hibernate: 
    create table actor (
        id bigint generated by default as identity,
        nombre varchar(255) not null unique,
        primary key (id)
    )
Hibernate: 
    create table condicion (
        id tinyint generated by default as identity,
        nombre varchar(20) not null unique,
        primary key (id)
    )
Hibernate: 
    create table director (
        id bigint generated by default as identity,
        nombre varchar(255) not null unique,
        primary key (id)
    )
Hibernate: 
    create table formato (
        id smallint generated by default as identity,
        nombre varchar(50) not null unique,
        primary key (id)
    )
Hibernate: 
    create table genero (
        id smallint generated by default as identity,
        nombre varchar(50) not null unique,
        primary key (id)
    )
Hibernate: 
    create table pelicula (
        condicion_id tinyint not null,
        fecha_salida date not null,
        formato_id smallint not null,
        genero_id smallint not null,
        precio numeric(12,2) not null,
        rating integer not null,
        id bigint generated by default as identity,
        imagen_url varchar(500),
        titulo varchar(255) not null,
        sinopsis clob,
        primary key (id)
    )
Hibernate: 
    create table pelicula_actor (
        actor_id bigint not null,
        pelicula_id bigint not null
    )
Hibernate: 
    create table pelicula_director (
        director_id bigint not null,
        pelicula_id bigint not null
    )
Hibernate: 
    alter table if exists pelicula 
       add constraint FKcanu6sntxl0xb0g5413wk2e9o 
       foreign key (condicion_id) 
       references condicion
Hibernate: 
    alter table if exists pelicula 
       add constraint FKifhpl00x6pafw93kr9hqiv0j3 
       foreign key (formato_id) 
       references formato
Hibernate: 
    alter table if exists pelicula 
       add constraint FK8vu647hnae5tixm5juo8h2iya 
       foreign key (genero_id) 
       references genero
Hibernate: 
    alter table if exists pelicula_actor 
       add constraint FK18aeeaus5rjw4ib6uauxe3gdr 
       foreign key (actor_id) 
       references actor
Hibernate: 
    alter table if exists pelicula_actor 
       add constraint FKg12qqv73p75bk6dvayct1i1mt 
       foreign key (pelicula_id) 
       references pelicula
Hibernate: 
    alter table if exists pelicula_director 
       add constraint FKhblnnmx9p9kxi9x8yinlmyxq5 
       foreign key (director_id) 
       references director
Hibernate: 
    alter table if exists pelicula_director 
       add constraint FK92tgmlk384yln3el61iwtfhvp 
       foreign key (pelicula_id) 
       references pelicula
2025-10-23T19:33:40.257-03:00  INFO 100682 --- [           main] j.LocalContainerEntityManagerFactoryBean : Initialized JPA EntityManagerFactory for persistence unit 'default'
2025-10-23T19:33:40.588-03:00  WARN 100682 --- [           main] JpaBaseConfiguration$JpaWebConfiguration : spring.jpa.open-in-view is enabled by default. Therefore, database queries may be performed during view rendering. Explicitly configure spring.jpa.open-in-view to disable this warning
2025-10-23T19:33:41.258-03:00  INFO 100682 --- [           main] u.i.p.PeliculaRepositoryIntegrationTest  : Started PeliculaRepositoryIntegrationTest in 5.838 seconds (process running for 6.99)
Hibernate: 
    select
        count(pe1_0.id) 
    from
        pelicula pe1_0 
    where
        lower(pe1_0.titulo)=lower(?)
Hibernate: 
    select
        de1_0.id,
        de1_0.nombre 
    from
        director de1_0 
    where
        de1_0.nombre=?
Hibernate: 
    select
        ae1_0.id,
        ae1_0.nombre 
    from
        actor ae1_0 
    where
        ae1_0.nombre=?
Hibernate: 
    select
        ae1_0.id,
        ae1_0.nombre 
    from
        actor ae1_0 
    where
        ae1_0.nombre=?
Hibernate: 
    select
        ce1_0.id,
        ce1_0.nombre 
    from
        condicion ce1_0 
    where
        ce1_0.nombre=?
Hibernate: 
    insert 
    into
        condicion
        (nombre, id) 
    values
        (?, default)
Hibernate: 
    select
        fe1_0.id,
        fe1_0.nombre 
    from
        formato fe1_0 
    where
        fe1_0.nombre=?
Hibernate: 
    insert 
    into
        formato
        (nombre, id) 
    values
        (?, default)
Hibernate: 
    select
        ge1_0.id,
        ge1_0.nombre 
    from
        genero ge1_0 
    where
        ge1_0.nombre=?
Hibernate: 
    insert 
    into
        genero
        (nombre, id) 
    values
        (?, default)
Hibernate: 
    insert 
    into
        pelicula
        (condicion_id, fecha_salida, formato_id, genero_id, imagen_url, precio, rating, sinopsis, titulo, id) 
    values
        (?, ?, ?, ?, ?, ?, ?, ?, ?, default)
Hibernate: 
    insert 
    into
        actor
        (nombre, id) 
    values
        (?, default)
Hibernate: 
    insert 
    into
        actor
        (nombre, id) 
    values
        (?, default)
Hibernate: 
    insert 
    into
        director
        (nombre, id) 
    values
        (?, default)
Hibernate: 
    insert 
    into
        pelicula_actor
        (pelicula_id, actor_id) 
    values
        (?, ?)
Hibernate: 
    insert 
    into
        pelicula_actor
        (pelicula_id, actor_id) 
    values
        (?, ?)
Hibernate: 
    insert 
    into
        pelicula_director
        (pelicula_id, director_id) 
    values
        (?, ?)
DataLoader: insertada 'Blade Runner' id=1
Hibernate: 
    select
        de1_0.id,
        de1_0.nombre 
    from
        director de1_0 
    where
        de1_0.nombre=?
Hibernate: 
    select
        ae1_0.id,
        ae1_0.nombre 
    from
        actor ae1_0 
    where
        ae1_0.nombre=?
Hibernate: 
    select
        ae1_0.id,
        ae1_0.nombre 
    from
        actor ae1_0 
    where
        ae1_0.nombre=?
Hibernate: 
    select
        ce1_0.id,
        ce1_0.nombre 
    from
        condicion ce1_0 
    where
        ce1_0.nombre=?
Hibernate: 
    select
        fe1_0.id,
        fe1_0.nombre 
    from
        formato fe1_0 
    where
        fe1_0.nombre=?
Hibernate: 
    insert 
    into
        formato
        (nombre, id) 
    values
        (?, default)
Hibernate: 
    select
        ge1_0.id,
        ge1_0.nombre 
    from
        genero ge1_0 
    where
        ge1_0.nombre=?
Hibernate: 
    insert 
    into
        genero
        (nombre, id) 
    values
        (?, default)
Hibernate: 
    insert 
    into
        pelicula
        (condicion_id, fecha_salida, formato_id, genero_id, imagen_url, precio, rating, sinopsis, titulo, id) 
    values
        (?, ?, ?, ?, ?, ?, ?, ?, ?, default)
Hibernate: 
    insert 
    into
        actor
        (nombre, id) 
    values
        (?, default)
Hibernate: 
    insert 
    into
        actor
        (nombre, id) 
    values
        (?, default)
Hibernate: 
    insert 
    into
        director
        (nombre, id) 
    values
        (?, default)
Hibernate: 
    insert 
    into
        pelicula_actor
        (pelicula_id, actor_id) 
    values
        (?, ?)
Hibernate: 
    insert 
    into
        pelicula_actor
        (pelicula_id, actor_id) 
    values
        (?, ?)
Hibernate: 
    insert 
    into
        pelicula_director
        (pelicula_id, director_id) 
    values
        (?, ?)
DataLoader: insertada 'The Shawshank Redemption' id=2
Hibernate: 
    select
        de1_0.id,
        de1_0.nombre 
    from
        director de1_0 
    where
        de1_0.nombre=?
Hibernate: 
    select
        ae1_0.id,
        ae1_0.nombre 
    from
        actor ae1_0 
    where
        ae1_0.nombre=?
Hibernate: 
    select
        ae1_0.id,
        ae1_0.nombre 
    from
        actor ae1_0 
    where
        ae1_0.nombre=?
Hibernate: 
    select
        ce1_0.id,
        ce1_0.nombre 
    from
        condicion ce1_0 
    where
        ce1_0.nombre=?
Hibernate: 
    select
        fe1_0.id,
        fe1_0.nombre 
    from
        formato fe1_0 
    where
        fe1_0.nombre=?
Hibernate: 
    select
        ge1_0.id,
        ge1_0.nombre 
    from
        genero ge1_0 
    where
        ge1_0.nombre=?
Hibernate: 
    insert 
    into
        genero
        (nombre, id) 
    values
        (?, default)
Hibernate: 
    insert 
    into
        pelicula
        (condicion_id, fecha_salida, formato_id, genero_id, imagen_url, precio, rating, sinopsis, titulo, id) 
    values
        (?, ?, ?, ?, ?, ?, ?, ?, ?, default)
Hibernate: 
    insert 
    into
        actor
        (nombre, id) 
    values
        (?, default)
Hibernate: 
    insert 
    into
        actor
        (nombre, id) 
    values
        (?, default)
Hibernate: 
    insert 
    into
        director
        (nombre, id) 
    values
        (?, default)
Hibernate: 
    insert 
    into
        pelicula_actor
        (pelicula_id, actor_id) 
    values
        (?, ?)
Hibernate: 
    insert 
    into
        pelicula_actor
        (pelicula_id, actor_id) 
    values
        (?, ?)
Hibernate: 
    insert 
    into
        pelicula_director
        (pelicula_id, director_id) 
    values
        (?, ?)
DataLoader: insertada 'The Godfather' id=3
Hibernate: 
    select
        de1_0.id,
        de1_0.nombre 
    from
        director de1_0 
    where
        de1_0.nombre=?
Hibernate: 
    select
        ae1_0.id,
        ae1_0.nombre 
    from
        actor ae1_0 
    where
        ae1_0.nombre=?
Hibernate: 
    select
        ae1_0.id,
        ae1_0.nombre 
    from
        actor ae1_0 
    where
        ae1_0.nombre=?
Hibernate: 
    select
        ce1_0.id,
        ce1_0.nombre 
    from
        condicion ce1_0 
    where
        ce1_0.nombre=?
Hibernate: 
    select
        fe1_0.id,
        fe1_0.nombre 
    from
        formato fe1_0 
    where
        fe1_0.nombre=?
Hibernate: 
    select
        ge1_0.id,
        ge1_0.nombre 
    from
        genero ge1_0 
    where
        ge1_0.nombre=?
Hibernate: 
    insert 
    into
        pelicula
        (condicion_id, fecha_salida, formato_id, genero_id, imagen_url, precio, rating, sinopsis, titulo, id) 
    values
        (?, ?, ?, ?, ?, ?, ?, ?, ?, default)
Hibernate: 
    insert 
    into
        actor
        (nombre, id) 
    values
        (?, default)
Hibernate: 
    insert 
    into
        actor
        (nombre, id) 
    values
        (?, default)
Hibernate: 
    insert 
    into
        director
        (nombre, id) 
    values
        (?, default)
Hibernate: 
    insert 
    into
        pelicula_actor
        (pelicula_id, actor_id) 
    values
        (?, ?)
Hibernate: 
    insert 
    into
        pelicula_actor
        (pelicula_id, actor_id) 
    values
        (?, ?)
Hibernate: 
    insert 
    into
        pelicula_director
        (pelicula_id, director_id) 
    values
        (?, ?)
DataLoader: insertada 'The Matrix' id=4
Hibernate: 
    select
        de1_0.id,
        de1_0.nombre 
    from
        director de1_0 
    where
        de1_0.nombre=?
Hibernate: 
    select
        ae1_0.id,
        ae1_0.nombre 
    from
        actor ae1_0 
    where
        ae1_0.nombre=?
Hibernate: 
    select
        ae1_0.id,
        ae1_0.nombre 
    from
        actor ae1_0 
    where
        ae1_0.nombre=?
Hibernate: 
    select
        ce1_0.id,
        ce1_0.nombre 
    from
        condicion ce1_0 
    where
        ce1_0.nombre=?
Hibernate: 
    select
        fe1_0.id,
        fe1_0.nombre 
    from
        formato fe1_0 
    where
        fe1_0.nombre=?
Hibernate: 
    select
        ge1_0.id,
        ge1_0.nombre 
    from
        genero ge1_0 
    where
        ge1_0.nombre=?
Hibernate: 
    insert 
    into
        genero
        (nombre, id) 
    values
        (?, default)
Hibernate: 
    insert 
    into
        pelicula
        (condicion_id, fecha_salida, formato_id, genero_id, imagen_url, precio, rating, sinopsis, titulo, id) 
    values
        (?, ?, ?, ?, ?, ?, ?, ?, ?, default)
Hibernate: 
    insert 
    into
        actor
        (nombre, id) 
    values
        (?, default)
Hibernate: 
    insert 
    into
        actor
        (nombre, id) 
    values
        (?, default)
Hibernate: 
    insert 
    into
        director
        (nombre, id) 
    values
        (?, default)
Hibernate: 
    insert 
    into
        pelicula_actor
        (pelicula_id, actor_id) 
    values
        (?, ?)
Hibernate: 
    insert 
    into
        pelicula_actor
        (pelicula_id, actor_id) 
    values
        (?, ?)
Hibernate: 
    insert 
    into
        pelicula_director
        (pelicula_id, director_id) 
    values
        (?, ?)
DataLoader: insertada 'Dark Knight' id=5
Hibernate: 
    select
        de1_0.id,
        de1_0.nombre 
    from
        director de1_0 
    where
        de1_0.nombre=?
Hibernate: 
    select
        ae1_0.id,
        ae1_0.nombre 
    from
        actor ae1_0 
    where
        ae1_0.nombre=?
Hibernate: 
    select
        ae1_0.id,
        ae1_0.nombre 
    from
        actor ae1_0 
    where
        ae1_0.nombre=?
Hibernate: 
    select
        ce1_0.id,
        ce1_0.nombre 
    from
        condicion ce1_0 
    where
        ce1_0.nombre=?
Hibernate: 
    select
        fe1_0.id,
        fe1_0.nombre 
    from
        formato fe1_0 
    where
        fe1_0.nombre=?
Hibernate: 
    select
        ge1_0.id,
        ge1_0.nombre 
    from
        genero ge1_0 
    where
        ge1_0.nombre=?
Hibernate: 
    insert 
    into
        pelicula
        (condicion_id, fecha_salida, formato_id, genero_id, imagen_url, precio, rating, sinopsis, titulo, id) 
    values
        (?, ?, ?, ?, ?, ?, ?, ?, ?, default)
Hibernate: 
    insert 
    into
        actor
        (nombre, id) 
    values
        (?, default)
Hibernate: 
    insert 
    into
        actor
        (nombre, id) 
    values
        (?, default)
Hibernate: 
    insert 
    into
        director
        (nombre, id) 
    values
        (?, default)
Hibernate: 
    insert 
    into
        pelicula_actor
        (pelicula_id, actor_id) 
    values
        (?, ?)
Hibernate: 
    insert 
    into
        pelicula_actor
        (pelicula_id, actor_id) 
    values
        (?, ?)
Hibernate: 
    insert 
    into
        pelicula_director
        (pelicula_id, director_id) 
    values
        (?, ?)
DataLoader: insertada 'Fight Club' id=6
Hibernate: 
    select
        de1_0.id,
        de1_0.nombre 
    from
        director de1_0 
    where
        de1_0.nombre=?
Hibernate: 
    select
        ae1_0.id,
        ae1_0.nombre 
    from
        actor ae1_0 
    where
        ae1_0.nombre=?
Hibernate: 
    select
        ae1_0.id,
        ae1_0.nombre 
    from
        actor ae1_0 
    where
        ae1_0.nombre=?
Hibernate: 
    select
        ce1_0.id,
        ce1_0.nombre 
    from
        condicion ce1_0 
    where
        ce1_0.nombre=?
Hibernate: 
    select
        fe1_0.id,
        fe1_0.nombre 
    from
        formato fe1_0 
    where
        fe1_0.nombre=?
Hibernate: 
    select
        ge1_0.id,
        ge1_0.nombre 
    from
        genero ge1_0 
    where
        ge1_0.nombre=?
Hibernate: 
    insert 
    into
        pelicula
        (condicion_id, fecha_salida, formato_id, genero_id, imagen_url, precio, rating, sinopsis, titulo, id) 
    values
        (?, ?, ?, ?, ?, ?, ?, ?, ?, default)
Hibernate: 
    insert 
    into
        actor
        (nombre, id) 
    values
        (?, default)
Hibernate: 
    insert 
    into
        actor
        (nombre, id) 
    values
        (?, default)
Hibernate: 
    insert 
    into
        pelicula_actor
        (pelicula_id, actor_id) 
    values
        (?, ?)
Hibernate: 
    insert 
    into
        pelicula_actor
        (pelicula_id, actor_id) 
    values
        (?, ?)
Hibernate: 
    insert 
    into
        pelicula_director
        (pelicula_id, director_id) 
    values
        (?, ?)
DataLoader: insertada 'Inception' id=7
Hibernate: 
    select
        de1_0.id,
        de1_0.nombre 
    from
        director de1_0 
    where
        de1_0.nombre=?
Hibernate: 
    select
        ae1_0.id,
        ae1_0.nombre 
    from
        actor ae1_0 
    where
        ae1_0.nombre=?
Hibernate: 
    select
        ce1_0.id,
        ce1_0.nombre 
    from
        condicion ce1_0 
    where
        ce1_0.nombre=?
Hibernate: 
    select
        fe1_0.id,
        fe1_0.nombre 
    from
        formato fe1_0 
    where
        fe1_0.nombre=?
Hibernate: 
    insert 
    into
        formato
        (nombre, id) 
    values
        (?, default)
Hibernate: 
    select
        ge1_0.id,
        ge1_0.nombre 
    from
        genero ge1_0 
    where
        ge1_0.nombre=?
Hibernate: 
    insert 
    into
        genero
        (nombre, id) 
    values
        (?, default)
Hibernate: 
    insert 
    into
        pelicula
        (condicion_id, fecha_salida, formato_id, genero_id, imagen_url, precio, rating, sinopsis, titulo, id) 
    values
        (?, ?, ?, ?, ?, ?, ?, ?, ?, default)
Hibernate: 
    insert 
    into
        actor
        (nombre, id) 
    values
        (?, default)
Hibernate: 
    insert 
    into
        director
        (nombre, id) 
    values
        (?, default)
Hibernate: 
    insert 
    into
        pelicula_actor
        (pelicula_id, actor_id) 
    values
        (?, ?)
Hibernate: 
    insert 
    into
        pelicula_director
        (pelicula_id, director_id) 
    values
        (?, ?)
Hibernate: 
    select
        pe1_0.id,
        pe1_0.condicion_id,
        c1_0.id,
        c1_0.nombre,
        pe1_0.fecha_salida,
        pe1_0.formato_id,
        f1_0.id,
        f1_0.nombre,
        pe1_0.genero_id,
        g1_0.id,
        g1_0.nombre,
        pe1_0.imagen_url,
        pe1_0.precio,
        pe1_0.rating,
        pe1_0.sinopsis,
        pe1_0.titulo 
    from
        pelicula pe1_0 
    join
        condicion c1_0 
            on c1_0.id=pe1_0.condicion_id 
    join
        formato f1_0 
            on f1_0.id=pe1_0.formato_id 
    join
        genero g1_0 
            on g1_0.id=pe1_0.genero_id 
    where
        pe1_0.id=?
Hibernate: 
    select
        d1_0.pelicula_id,
        d1_1.id,
        d1_1.nombre 
    from
        pelicula_director d1_0 
    join
        director d1_1 
            on d1_1.id=d1_0.director_id 
    where
        d1_0.pelicula_id=?
Hibernate: 
    select
        a1_0.pelicula_id,
        a1_1.id,
        a1_1.nombre 
    from
        pelicula_actor a1_0 
    join
        actor a1_1 
            on a1_1.id=a1_0.actor_id 
    where
        a1_0.pelicula_id=?
]]></system-out>
    <system-err><![CDATA[WARNING: A Java agent has been loaded dynamically (/home/agustin/.m2/repository/net/bytebuddy/byte-buddy-agent/1.14.12/byte-buddy-agent-1.14.12.jar)
WARNING: If a serviceability tool is in use, please run with -XX:+EnableDynamicAgentLoading to hide this warning
WARNING: If a serviceability tool is not in use, please run with -Djdk.instrument.traceUsage for more information
WARNING: Dynamic loading of agents will be disallowed by default in a future release
]]></system-err>
  </testcase>
</testsuite>